<?xml version="1.0" encoding="UTF-8"?>
<!-- Generated by org.testng.reporters.JUnitReportReporter -->
<testsuite skipped="0" hostname="DESKTOP-D9QAFH7" name="vtiger_TC_script.TC_11" tests="1" failures="0" timestamp="2021-12-30T10:53:26 IST" time="26.691" errors="0">
  <testcase name="login" time="26.691" classname="vtiger_TC_script.TC_11"/>
  <system-out>
    <![CDATA[login page is displayed
username is valid
password is valid
home page is displayed
invoice page is displayed]]>
  </system-out>
</testsuite> <!-- vtiger_TC_script.TC_11 -->
