<?xml version="1.0" encoding="UTF-8"?>
<!-- Generated by org.testng.reporters.JUnitReportReporter -->
<testsuite skipped="0" hostname="DESKTOP-D9QAFH7" name="vtiger_TC_script.TC_12" tests="1" failures="0" timestamp="2021-12-29T16:12:52 IST" time="49.263" errors="0">
  <testcase name="login" time="49.263" classname="vtiger_TC_script.TC_12"/>
  <system-out>
    <![CDATA[login page is displayed
username is valid
password is valid
home page is displayed
invoice page is displayed
subject is valid
"creating New Invoice" page should be closed and "Invoice" Page should be display. ]]>
  </system-out>
</testsuite> <!-- vtiger_TC_script.TC_12 -->
