<?xml version="1.0" encoding="UTF-8"?>
<!-- Generated by org.testng.reporters.JUnitReportReporter -->
<testsuite skipped="0" hostname="DESKTOP-D9QAFH7" name="vtiger_TC_script.TC_14" tests="1" failures="0" timestamp="2021-12-29T17:23:03 IST" time="26.941" errors="0">
  <testcase name="login" time="26.941" classname="vtiger_TC_script.TC_14"/>
  <system-out>
    <![CDATA[login page is displayed
username is valid
password is valid
home page is displayed
invoice page is displayed
create invoice page is displayed]]>
  </system-out>
</testsuite> <!-- vtiger_TC_script.TC_14 -->
